<Keyword,struct>
<identifier,node>
<Delimiter,{>
<Keyword,int>
<identifier,son>
<Delimiter,[>
<Number,26>
<Delimiter,]>
<Delimiter,;>
<Keyword,int>
<identifier,mark>
<Delimiter,;>
<Delimiter,}>
<identifier,tire>
<Delimiter,[>
<Number,1000005>
<Delimiter,]>
<Delimiter,;>
<Keyword,int>
<identifier,num>
<Operator,=>
<Number,0>
<Delimiter,;>
<Keyword,void>
<identifier,insert>
<Delimiter,(>
<identifier,string>
<identifier,s>
<Delimiter,)>
<Delimiter,{>
<Keyword,int>
<identifier,pos>
<Operator,=>
<Number,0>
<Delimiter,;>
<Keyword,for>
<Delimiter,(>
<Keyword,int>
<identifier,i>
<Operator,=>
<Number,0>
<Delimiter,;>
<identifier,i>
<Operator,<>
<identifier,s>
<Operator,.>
<identifier,length>
<Delimiter,(>
<Delimiter,)>
<Delimiter,;>
<identifier,i>
<Operator,++>
<Delimiter,)>
<Delimiter,{>
<Keyword,int>
<identifier,temp>
<Operator,=>
<identifier,s>
<Delimiter,[>
<identifier,i>
<Delimiter,]>
<Operator,->
<Delimiter,'>
<identifier,a>
<Delimiter,'>
<Delimiter,;>
<Keyword,if>
<Delimiter,(>
<Operator,!>
<identifier,tire>
<Delimiter,[>
<identifier,pos>
<Delimiter,]>
<Operator,.>
<identifier,son>
<Delimiter,[>
<identifier,temp>
<Delimiter,]>
<Delimiter,)>
<identifier,tire>
<Delimiter,[>
<identifier,pos>
<Delimiter,]>
<Operator,.>
<identifier,son>
<Delimiter,[>
<identifier,temp>
<Delimiter,]>
<Operator,=>
<Operator,++>
<identifier,num>
<Delimiter,;>
<identifier,pos>
<Operator,=>
<identifier,tire>
<Delimiter,[>
<identifier,pos>
<Delimiter,]>
<Operator,.>
<identifier,son>
<Delimiter,[>
<identifier,temp>
<Delimiter,]>
<Delimiter,;>
<Delimiter,}>
<identifier,tire>
<Delimiter,[>
<identifier,pos>
<Delimiter,]>
<Operator,.>
<identifier,mark>
<Operator,++>
<Delimiter,;>
<Delimiter,}>
<identifier,bool>
<identifier,find>
<Delimiter,(>
<identifier,string>
<identifier,s>
<Delimiter,)>
<Delimiter,{>
<Keyword,int>
<identifier,pos>
<Operator,=>
<Number,0>
<Delimiter,;>
<Keyword,for>
<Delimiter,(>
<Keyword,int>
<identifier,i>
<Operator,=>
<Number,0>
<Delimiter,;>
<identifier,i>
<Operator,<>
<identifier,s>
<Operator,.>
<identifier,length>
<Delimiter,(>
<Delimiter,)>
<Delimiter,;>
<identifier,i>
<Operator,++>
<Delimiter,)>
<Delimiter,{>
<Keyword,int>
<identifier,temp>
<Operator,=>
<identifier,s>
<Delimiter,[>
<identifier,i>
<Delimiter,]>
<Operator,->
<Delimiter,'>
<identifier,a>
<Delimiter,'>
<Delimiter,;>
<Keyword,if>
<Delimiter,(>
<Operator,!>
<identifier,tire>
<Delimiter,[>
<identifier,pos>
<Delimiter,]>
<Operator,.>
<identifier,son>
<Delimiter,[>
<identifier,temp>
<Delimiter,]>
<Delimiter,)>
<Keyword,return>
<Number,0>
<Delimiter,;>
<identifier,pos>
<Operator,=>
<identifier,tire>
<Delimiter,[>
<identifier,pos>
<Delimiter,]>
<Operator,.>
<identifier,son>
<Delimiter,[>
<identifier,temp>
<Delimiter,]>
<Delimiter,;>
<Delimiter,}>
<Keyword,if>
<Delimiter,(>
<identifier,tire>
<Delimiter,[>
<identifier,pos>
<Delimiter,]>
<Operator,.>
<identifier,mark>
<Delimiter,)>
<Keyword,return>
<Number,1>
<Delimiter,;>
<Keyword,else>
<Keyword,return>
<Number,0>
<Delimiter,;>
<Delimiter,}>
