<Keyword,int>
<identifier,qpow>
<Delimiter,(>
<Keyword,int>
<identifier,a>
<Delimiter,,>
<Keyword,int>
<identifier,b>
<Delimiter,)>
<Delimiter,{>
<Keyword,int>
<identifier,res>
<Operator,=>
<Number,1>
<Delimiter,;>
<Keyword,while>
<Delimiter,(>
<identifier,b>
<Delimiter,)>
<Delimiter,{>
<Keyword,if>
<Delimiter,(>
<identifier,b>
<Operator,&>
<Number,1>
<Delimiter,)>
<identifier,res>
<Operator,=>
<identifier,res>
<Operator,*>
<identifier,a>
<Operator,%>
<identifier,mod>
<Delimiter,;>
<identifier,a>
<Operator,=>
<identifier,a>
<Operator,*>
<identifier,a>
<Operator,%>
<identifier,mod>
<Delimiter,;>
<identifier,b>
<Operator,>>=>
<Number,1>
<Delimiter,;>
<Delimiter,}>
<Keyword,return>
<identifier,res>
<Delimiter,;>
<Delimiter,}>
<Keyword,void>
<identifier,init>
<Delimiter,(>
<Delimiter,)>
<Delimiter,{>
<identifier,fact>
<Delimiter,[>
<Number,0>
<Delimiter,]>
<Operator,=>
<identifier,invfact>
<Delimiter,[>
<Number,0>
<Delimiter,]>
<Operator,=>
<Number,1>
<Delimiter,;>
<Keyword,for>
<Delimiter,(>
<Keyword,int>
<identifier,i>
<Operator,=>
<Number,1>
<Delimiter,;>
<identifier,i>
<Operator,<>
<identifier,N>
<Delimiter,;>
<identifier,i>
<Operator,++>
<Delimiter,)>
<identifier,fact>
<Delimiter,[>
<identifier,i>
<Delimiter,]>
<Operator,=>
<identifier,fact>
<Delimiter,[>
<identifier,i>
<Operator,->
<Number,1>
<Delimiter,]>
<Operator,*>
<identifier,i>
<Operator,%>
<identifier,mod>
<Delimiter,;>
<identifier,invfact>
<Delimiter,[>
<identifier,N>
<Operator,->
<Number,1>
<Delimiter,]>
<Operator,=>
<identifier,qpow>
<Delimiter,(>
<identifier,fact>
<Delimiter,[>
<identifier,N>
<Operator,->
<Number,1>
<Delimiter,]>
<Delimiter,,>
<identifier,mod>
<Operator,->
<Number,2>
<Delimiter,)>
<Delimiter,;>
<Comment,//乘法逆元>
<Keyword,for>
<Delimiter,(>
<Keyword,int>
<identifier,i>
<Operator,=>
<identifier,N>
<Operator,->
<Number,2>
<Delimiter,;>
<identifier,i>
<Delimiter,;>
<identifier,i>
<Operator,-->
<Delimiter,)>
<identifier,invfact>
<Delimiter,[>
<identifier,i>
<Delimiter,]>
<Operator,=>
<identifier,invfact>
<Delimiter,[>
<identifier,i>
<Operator,+>
<Number,1>
<Delimiter,]>
<Operator,*>
<Delimiter,(>
<identifier,i>
<Operator,+>
<Number,1>
<Delimiter,)>
<Operator,%>
<identifier,mod>
<Delimiter,;>
<Comment,//分子部分	>
<Delimiter,}>
<Keyword,int>
<identifier,C>
<Delimiter,(>
<Keyword,int>
<identifier,a>
<Delimiter,,>
<Keyword,int>
<identifier,b>
<Delimiter,)>
<Delimiter,{>
<Keyword,if>
<Delimiter,(>
<identifier,a>
<Operator,<>
<identifier,b>
<Operator,||>
<identifier,a>
<Operator,<>
<Number,0>
<Operator,||>
<identifier,b>
<Operator,<>
<Number,0>
<Delimiter,)>
<Keyword,return>
<Number,0>
<Delimiter,;>
<Keyword,return>
<identifier,fact>
<Delimiter,[>
<identifier,a>
<Delimiter,]>
<Operator,*>
<identifier,invfact>
<Delimiter,[>
<identifier,b>
<Delimiter,]>
<Operator,%>
<identifier,mod>
<Operator,*>
<identifier,invfact>
<Delimiter,[>
<identifier,a>
<Operator,->
<identifier,b>
<Delimiter,]>
<Operator,%>
<identifier,mod>
<Delimiter,;>
<Delimiter,}>
<Comment,//hello>
