<Keyword,int>
<identifier,main>
<Delimiter,(>
<Delimiter,)>
<Delimiter,{>
<Keyword,double>
<identifier,a>
<Operator,=>
<Number,1.5>
<Delimiter,,>
<identifier,b>
<Operator,=>
<Number,1.6E-3>
<Delimiter,;>
<Comment,//小数>
<Keyword,int>
<identifier,x>
<Operator,=>
<Number,5>
<Delimiter,,>
<identifier,y>
<Operator,=>
<Number,1e9>
<Delimiter,;>
<Comment,//整数>
<identifier,bool>
<identifier,flag>
<Delimiter,;>
<identifier,string>
<identifier,s>
<Operator,=>
<string,"hello world !">
<Delimiter,;>
<Keyword,int>
Error in Line 6 :11aa
<Delimiter,;>
<Comment,//标识符不能以数字开头>
<Keyword,float>
<identifier,w>
<Operator,=>
Error in Line 7 :1.
<Delimiter,;>
<Comment,//小数点后没有数字>
<identifier,cout>
<Operator,<<>
<string,"hello!">
<Delimiter,;>
<identifier,x>
<Operator,=>
<identifier,x>
<Operator,%>
<identifier,y>
<Delimiter,;>
<identifier,x>
<Operator,=>
<identifier,x>
<Operator,|>
<identifier,y>
<Delimiter,;>
<identifier,x>
<Operator,=>
<identifier,x>
<Operator,&>
<identifier,y>
<Delimiter,;>
<identifier,x>
<Operator,>>=>
<Number,1>
<Delimiter,;>
<Keyword,for>
<Delimiter,(>
<Keyword,register>
<Keyword,int>
<identifier,i>
<Operator,=>
<Number,1>
<Delimiter,;>
<identifier,i>
<Operator,<=>
<identifier,x>
<Delimiter,;>
<identifier,i>
<Operator,++>
<Delimiter,)>
<Delimiter,{>
<Comment,//关键字 for , register>
<Keyword,if>
<Delimiter,(>
<identifier,x>
<Operator,!=>
<identifier,y>
<Operator,&&>
<identifier,x>
<Operator,<>
<identifier,y>
<Delimiter,)>
<Comment,// != && <>
<identifier,x>
<Operator,^=>
<Number,7>
<Delimiter,;>
<Comment,// ^=>
<Keyword,else>
<Keyword,if>
<Delimiter,(>
<identifier,x>
<Operator,>>
<Number,10>
<Delimiter,)>
<Comment,// 关键字 if >>
<Keyword,break>
<Delimiter,;>
<Comment,// 关键字 break>
<Keyword,else>
<Keyword,if>
<Delimiter,(>
<identifier,x>
<Operator,>>
<Number,5>
<Delimiter,)>
<Comment,// 关键字 else if>
<identifier,x>
<Operator,=>
<identifier,x>
<Operator,/>
<Number,10>
<Delimiter,;>
<Comment,//除法>
<Keyword,else>
<identifier,x>
<Operator,=>
<identifier,x>
<Operator,*>
<identifier,y>
<Delimiter,;>
<Comment,//乘法>
<Delimiter,}>
<Keyword,int>
<identifier,i>
<Operator,=>
<Number,0>
<Delimiter,;>
<Keyword,while>
<Delimiter,(>
<Keyword,true>
<Delimiter,)>
<Delimiter,{>
<Keyword,const>
<identifier,in>
<identifier,tmp>
<Operator,=>
<Number,1005>
<Delimiter,;>
<Keyword,int>
<identifier,c>
<Delimiter,[>
<Number,10005>
<Delimiter,]>
<Delimiter,;>
<Keyword,if>
<Delimiter,(>
<identifier,c>
<Delimiter,[>
<Number,0>
<Delimiter,]>
<Operator,<>
<identifier,tmp>
<Delimiter,)>
<Keyword,break>
<Delimiter,;>
<Keyword,else>
<identifier,c>
<Delimiter,[>
<Number,0>
<Delimiter,]>
<Operator,+=>
<identifier,c>
<Delimiter,[>
<identifier,i>
<Delimiter,]>
<Delimiter,,>
<identifier,i>
<Operator,++>
<Delimiter,;>
<Delimiter,}>
<identifier,vector>
<identifier,g>
<Delimiter,(>
<identifier,n>
<Operator,+>
<Number,1>
<Delimiter,,>
<identifier,vector>
<Operator,<>
<Keyword,int>
<Operator,>>
<Delimiter,(>
<Delimiter,)>
<Delimiter,)>
<Delimiter,;>
<Keyword,auto>
<identifier,dfs>
<Operator,=>
<Delimiter,[>
<Operator,&>
<Delimiter,]>
<Delimiter,(>
<Keyword,auto>
<identifier,self>
<Delimiter,,>
<Keyword,int>
<identifier,u>
<Delimiter,,>
<Keyword,int>
<identifier,fa>
<Delimiter,)>
<Operator,->>
<Keyword,void>
<Delimiter,{>
<Keyword,for>
<Delimiter,(>
<Keyword,auto>
<identifier,v>
<Operator,:>
<identifier,g>
<Delimiter,[>
<identifier,u>
<Delimiter,]>
<Delimiter,)>
<Delimiter,{>
<Keyword,if>
<Delimiter,(>
<identifier,v>
<Operator,==>
<identifier,fa>
<Delimiter,)>
<Keyword,continue>
<Delimiter,;>
<identifier,self>
<Delimiter,(>
<identifier,self>
<Delimiter,,>
<identifier,v>
<Delimiter,,>
<identifier,u>
<Delimiter,)>
<Delimiter,;>
<Delimiter,}>
<Delimiter,}>
<Delimiter,;>
<identifier,dfs>
<Delimiter,(>
<identifier,dfs>
<Delimiter,,>
<Number,1>
<Delimiter,,>
<Number,0>
<Delimiter,)>
<Delimiter,;>
<Delimiter,}>
