<Keyword,int>
<identifier,main>
<Delimiter,(>
<Delimiter,)>
<Delimiter,{>
<Keyword,int>
<identifier,i>
<Delimiter,;>
<Keyword,int>
<identifier,j>
<Delimiter,;>
<Keyword,int>
<identifier,cnt>
<Delimiter,;>
<identifier,i>
<Operator,=>
<Number,3.85>
<Operator,+>
<Number,9>
<Operator,*>
<Number,11>
<Delimiter,;>
<identifier,j>
<Operator,=>
<Number,50>
<Delimiter,;>
<identifier,cnt>
<Operator,=>
<Number,0>
<Delimiter,;>
<Keyword,while>
<Delimiter,(>
<Keyword,true>
<Delimiter,)>
<Delimiter,{>
<identifier,cnt>
<Operator,=>
<identifier,cnt>
<Operator,+>
<Number,1>
<Delimiter,;>
<Keyword,if>
<Delimiter,(>
<identifier,i>
<Operator,==>
<identifier,j>
<Delimiter,)>
<Keyword,break>
<Delimiter,;>
<Keyword,else>
<Keyword,if>
<Delimiter,(>
<identifier,i>
<Operator,>>
<identifier,j>
<Delimiter,)>
<identifier,j>
<Operator,=>
<identifier,j>
<Operator,+>
<Number,1>
<Delimiter,;>
<Keyword,else>
<identifier,j>
<Operator,=>
<identifier,j>
<Operator,->
<Number,1>
<Delimiter,;>
<Delimiter,}>
<Delimiter,}>
