1  __int128  s  2
1  basic  goto  3
1  bool  s  4
1  char  s  5
1  double  s  6
1  float  s  7
1  int  s  8
1  long  s  9
1  string  s  10
1  void  s  11
12  $  r  13
12  __int128  s  2
12  basic  goto  14
12  bool  s  4
12  char  s  5
12  double  s  6
12  float  s  7
12  int  s  8
12  long  s  9
12  program'  goto  15
12  string  s  10
12  void  s  11
2  a  r  2
2  main  r  2
2  x  r  2
4  a  r  4
4  main  r  4
4  x  r  4
5  a  r  5
5  main  r  5
5  x  r  5
6  a  r  6
6  main  r  6
6  x  r  6
7  a  r  7
7  main  r  7
7  x  r  7
8  a  r  8
8  main  r  8
8  x  r  8
9  long  s  16
16  a  r  16
16  main  r  16
16  x  r  16
10  a  r  10
10  main  r  10
10  x  r  10
11  a  r  11
11  main  r  11
11  x  r  11
17  __int128  s  18
17  a  r  19
17  block  goto  20
17  bool  s  21
17  break  s  22
17  char  s  23
17  do  s  24
17  double  s  25
17  float  s  26
17  if  s  27
17  int  s  28
17  loc  goto  29
17  loc''  goto  30
17  long  s  31
17  main  r  19
17  return  s  32
17  stmt  goto  33
17  stmts  goto  34
17  stmts'  goto  35
17  string  s  36
17  type  goto  37
17  while  s  38
17  x  r  19
17  {  s  39
17  }  r  40
24  __int128  s  18
24  a  r  19
24  block  goto  20
24  bool  s  21
24  break  s  22
24  char  s  23
24  do  s  24
24  double  s  25
24  float  s  26
24  if  s  27
24  int  s  28
24  loc  goto  29
24  loc''  goto  30
24  long  s  31
24  main  r  19
24  return  s  32
24  stmt  goto  41
24  string  s  36
24  type  goto  37
24  while  s  38
24  x  r  19
24  {  s  39
42  __int128  s  18
42  a  r  19
42  block  goto  20
42  bool  s  21
42  break  s  22
42  char  s  23
42  do  s  24
42  double  s  25
42  float  s  26
42  if  s  27
42  int  s  28
42  loc  goto  29
42  loc''  goto  30
42  long  s  31
42  main  r  19
42  return  s  32
42  stmt  goto  43
42  string  s  36
42  type  goto  37
42  while  s  38
42  x  r  19
42  {  s  39
44  __int128  s  18
44  a  r  19
44  block  goto  20
44  bool  s  21
44  break  s  22
44  char  s  23
44  do  s  24
44  double  s  25
44  float  s  26
44  if  s  27
44  int  s  28
44  loc  goto  29
44  loc''  goto  30
44  long  s  31
44  main  r  19
44  return  s  32
44  stmt  goto  45
44  string  s  36
44  type  goto  37
44  while  s  38
44  x  r  19
44  {  s  39
46  __int128  s  18
46  a  r  19
46  block  goto  20
46  bool  s  21
46  break  s  22
46  char  s  23
46  do  s  24
46  double  s  25
46  float  s  26
46  if  s  27
46  int  s  28
46  loc  goto  29
46  loc''  goto  30
46  long  s  31
46  main  r  19
46  return  s  32
46  stmt  goto  47
46  string  s  36
46  type  goto  37
46  while  s  38
46  x  r  19
46  {  s  39
33  __int128  s  18
33  a  r  19
33  block  goto  20
33  bool  s  21
33  break  s  22
33  char  s  23
33  do  s  24
33  double  s  25
33  float  s  26
33  if  s  27
33  int  s  28
33  loc  goto  29
33  loc''  goto  30
33  long  s  31
33  main  r  19
33  return  s  32
33  stmt  goto  33
33  stmts'  goto  48
33  string  s  36
33  type  goto  37
33  while  s  38
33  x  r  19
33  {  s  39
33  }  r  40
49  block  goto  12
49  {  s  39
50  block  goto  51
50  {  s  39
39  __int128  s  18
39  a  r  52
39  bool  s  21
39  break  r  52
39  char  s  23
39  decl  goto  53
39  decls  goto  17
39  decls'  goto  54
39  do  r  52
39  double  s  25
39  float  s  26
39  if  r  52
39  int  s  28
39  long  s  31
39  main  r  52
39  return  r  52
39  string  s  36
39  type  goto  55
39  while  r  52
39  x  r  52
39  {  r  52
39  }  r  52
34  }  s  56
56  $  r  56
56  __int128  r  56
56  a  r  56
56  bool  r  56
56  break  r  56
56  char  r  56
56  do  r  56
56  double  r  56
56  else  r  56
56  float  r  56
56  if  r  56
56  int  r  56
56  long  r  56
56  main  r  56
56  return  r  56
56  string  r  56
56  void  r  56
56  while  r  56
56  x  r  56
56  {  r  56
56  }  r  56
57  !  s  58
57  (  s  59
57  -  s  60
57  0  s  61
57  1  s  62
57  __int128  s  18
57  a  s  63
57  bool  s  21
57  bool'  goto  64
57  char  s  23
57  double  s  25
57  equality  goto  65
57  expr  goto  66
57  factor  goto  67
57  false  s  68
57  float  s  26
57  id  goto  69
57  int  s  28
57  join  goto  70
57  loc  goto  71
57  loc''  goto  30
57  long  s  31
57  main  s  72
57  num  goto  73
57  real  goto  74
57  rel  goto  75
57  string  s  36
57  string'  goto  76
57  term  goto  77
57  true  s  78
57  type  goto  37
57  unary  goto  79
57  x  s  80
81  !  s  58
81  (  s  59
81  -  s  60
81  0  s  61
81  1  s  62
81  __int128  s  18
81  a  s  63
81  bool  s  21
81  bool'  goto  82
81  char  s  23
81  double  s  25
81  equality  goto  65
81  expr  goto  66
81  factor  goto  67
81  false  s  68
81  float  s  26
81  id  goto  69
81  int  s  28
81  join  goto  70
81  loc  goto  71
81  loc''  goto  30
81  long  s  31
81  main  s  72
81  num  goto  73
81  real  goto  74
81  rel  goto  75
81  string  s  36
81  string'  goto  76
81  term  goto  77
81  true  s  78
81  type  goto  37
81  unary  goto  79
81  x  s  80
83  !  s  58
83  (  s  59
83  -  s  60
83  0  s  61
83  1  s  62
83  __int128  s  18
83  a  s  63
83  bool  s  21
83  bool'  goto  84
83  char  s  23
83  double  s  25
83  equality  goto  65
83  expr  goto  66
83  factor  goto  67
83  false  s  68
83  float  s  26
83  id  goto  69
83  int  s  28
83  join  goto  70
83  loc  goto  71
83  loc''  goto  30
83  long  s  31
83  main  s  72
83  num  goto  73
83  real  goto  74
83  rel  goto  75
83  string  s  36
83  string'  goto  76
83  term  goto  77
83  true  s  78
83  type  goto  37
83  unary  goto  79
83  x  s  80
70  )  r  85
70  bool'''  goto  86
70  ||  s  87
86  )  r  86
88  )  r  85
88  bool'''  goto  89
88  ||  s  87
87  !  s  58
87  (  s  59
87  -  s  60
87  0  s  61
87  1  s  62
87  __int128  s  18
87  a  s  63
87  bool  s  21
87  char  s  23
87  double  s  25
87  equality  goto  65
87  expr  goto  66
87  factor  goto  67
87  false  s  68
87  float  s  26
87  id  goto  69
87  int  s  28
87  join  goto  88
87  loc  goto  71
87  loc''  goto  30
87  long  s  31
87  main  s  72
87  num  goto  73
87  real  goto  74
87  rel  goto  75
87  string  s  36
87  string'  goto  76
87  term  goto  77
87  true  s  78
87  type  goto  37
87  unary  goto  79
87  x  s  80
89  )  r  89
53  __int128  s  18
53  a  r  52
53  bool  s  21
53  break  r  52
53  char  s  23
53  decl  goto  53
53  decls'  goto  90
53  do  r  52
53  double  s  25
53  float  s  26
53  if  r  52
53  int  s  28
53  long  s  31
53  main  r  52
53  return  r  52
53  string  s  36
53  type  goto  55
53  while  r  52
53  x  r  52
53  {  r  52
53  }  r  52
55  a  s  63
55  id  goto  91
55  main  s  72
55  x  s  80
91  )  r  92
91  ,  s  93
91  ;  r  92
91  =  s  94
91  [  s  95
91  next  goto  96
96  ;  s  97
97  __int128  r  97
97  a  r  97
97  bool  r  97
97  break  r  97
97  char  r  97
97  do  r  97
97  double  r  97
97  float  r  97
97  if  r  97
97  int  r  97
97  long  r  97
97  main  r  97
97  return  r  97
97  string  r  97
97  while  r  97
97  x  r  97
97  {  r  97
97  }  r  97
98  )  r  99
98  __int128  s  18
98  bool  s  21
98  char  s  23
98  decl'  goto  100
98  double  s  25
98  float  s  26
98  int  s  28
98  long  s  31
98  string  s  36
98  type  goto  101
102  )  r  99
102  __int128  s  18
102  bool  s  21
102  char  s  23
102  decl'  goto  103
102  double  s  25
102  float  s  26
102  int  s  28
102  long  s  31
102  string  s  36
102  type  goto  101
101  a  s  63
101  id  goto  104
101  main  s  72
101  x  s  80
104  )  r  92
104  ,  s  93
104  ;  r  92
104  =  s  94
104  [  s  95
104  next  goto  105
105  )  r  105
54  __int128  r  54
54  a  r  54
54  bool  r  54
54  break  r  54
54  char  r  54
54  do  r  54
54  double  r  54
54  float  r  54
54  if  r  54
54  int  r  54
54  long  r  54
54  main  r  54
54  return  r  54
54  string  r  54
54  while  r  54
54  x  r  54
54  {  r  54
54  }  r  54
90  __int128  r  90
90  a  r  90
90  bool  r  90
90  break  r  90
90  char  r  90
90  do  r  90
90  double  r  90
90  float  r  90
90  if  r  90
90  int  r  90
90  long  r  90
90  main  r  90
90  return  r  90
90  string  r  90
90  while  r  90
90  x  r  90
90  {  r  90
90  }  r  90
106  !  s  58
106  (  s  59
106  -  s  60
106  0  s  61
106  1  s  62
106  __int128  s  18
106  a  s  63
106  bool  s  21
106  char  s  23
106  double  s  25
106  equality  goto  107
106  expr  goto  66
106  factor  goto  67
106  false  s  68
106  float  s  26
106  id  goto  69
106  int  s  28
106  loc  goto  71
106  loc''  goto  30
106  long  s  31
106  main  s  72
106  num  goto  73
106  real  goto  74
106  rel  goto  75
106  string  s  36
106  string'  goto  76
106  term  goto  77
106  true  s  78
106  type  goto  37
106  unary  goto  79
106  x  s  80
75  !=  s  108
75  &&  r  109
75  )  r  109
75  ==  s  110
75  equality'  goto  111
75  ||  r  109
111  &&  r  111
111  )  r  111
111  ||  r  111
112  !=  s  108
112  &&  r  109
112  )  r  109
112  ==  s  110
112  equality'  goto  113
112  ||  r  109
114  !=  s  108
114  &&  r  109
114  )  r  109
114  ==  s  110
114  equality'  goto  115
114  ||  r  109
108  !  s  58
108  (  s  59
108  -  s  60
108  0  s  61
108  1  s  62
108  __int128  s  18
108  a  s  63
108  bool  s  21
108  char  s  23
108  double  s  25
108  expr  goto  66
108  factor  goto  67
108  false  s  68
108  float  s  26
108  id  goto  69
108  int  s  28
108  loc  goto  71
108  loc''  goto  30
108  long  s  31
108  main  s  72
108  num  goto  73
108  real  goto  74
108  rel  goto  112
108  string  s  36
108  string'  goto  76
108  term  goto  77
108  true  s  78
108  type  goto  37
108  unary  goto  79
108  x  s  80
113  &&  r  113
113  )  r  113
113  ||  r  113
110  !  s  58
110  (  s  59
110  -  s  60
110  0  s  61
110  1  s  62
110  __int128  s  18
110  a  s  63
110  bool  s  21
110  char  s  23
110  double  s  25
110  expr  goto  66
110  factor  goto  67
110  false  s  68
110  float  s  26
110  id  goto  69
110  int  s  28
110  loc  goto  71
110  loc''  goto  30
110  long  s  31
110  main  s  72
110  num  goto  73
110  real  goto  74
110  rel  goto  114
110  string  s  36
110  string'  goto  76
110  term  goto  77
110  true  s  78
110  type  goto  37
110  unary  goto  79
110  x  s  80
115  &&  r  115
115  )  r  115
115  ||  r  115
32  !  s  58
32  (  s  59
32  -  s  60
32  0  s  61
32  1  s  62
32  ;  r  116
32  __int128  s  18
32  a  s  63
32  bool  s  21
32  char  s  23
32  double  s  25
32  expr  goto  117
32  expr''  goto  118
32  factor  goto  67
32  false  s  68
32  float  s  26
32  id  goto  69
32  int  s  28
32  loc  goto  71
32  loc''  goto  30
32  long  s  31
32  main  s  72
32  num  goto  73
32  real  goto  74
32  string  s  36
32  string'  goto  76
32  term  goto  77
32  true  s  78
32  type  goto  37
32  unary  goto  79
32  x  s  80
59  !  s  58
59  (  s  59
59  -  s  60
59  0  s  61
59  1  s  62
59  __int128  s  18
59  a  s  63
59  bool  s  21
59  char  s  23
59  double  s  25
59  expr  goto  119
59  factor  goto  67
59  false  s  68
59  float  s  26
59  id  goto  69
59  int  s  28
59  loc  goto  71
59  loc''  goto  30
59  long  s  31
59  main  s  72
59  num  goto  73
59  real  goto  74
59  string  s  36
59  string'  goto  76
59  term  goto  77
59  true  s  78
59  type  goto  37
59  unary  goto  79
59  x  s  80
94  !  s  58
94  (  s  59
94  -  s  60
94  0  s  61
94  1  s  62
94  __int128  s  18
94  a  s  63
94  bool  s  21
94  char  s  23
94  double  s  25
94  expr  goto  120
94  factor  goto  67
94  false  s  68
94  float  s  26
94  id  goto  69
94  int  s  28
94  loc  goto  71
94  loc''  goto  30
94  long  s  31
94  main  s  72
94  num  goto  73
94  real  goto  74
94  string  s  36
94  string'  goto  76
94  term  goto  77
94  true  s  78
94  type  goto  37
94  unary  goto  79
94  x  s  80
121  !  s  58
121  (  s  59
121  -  s  60
121  0  s  61
121  1  s  62
121  __int128  s  18
121  a  s  63
121  bool  s  21
121  char  s  23
121  double  s  25
121  expr  goto  122
121  factor  goto  67
121  false  s  68
121  float  s  26
121  id  goto  69
121  int  s  28
121  loc  goto  71
121  loc''  goto  30
121  long  s  31
121  main  s  72
121  num  goto  73
121  real  goto  74
121  string  s  36
121  string'  goto  76
121  term  goto  77
121  true  s  78
121  type  goto  37
121  unary  goto  79
121  x  s  80
123  !  s  58
123  (  s  59
123  -  s  60
123  0  s  61
123  1  s  62
123  __int128  s  18
123  a  s  63
123  bool  s  21
123  char  s  23
123  double  s  25
123  expr  goto  124
123  factor  goto  67
123  false  s  68
123  float  s  26
123  id  goto  69
123  int  s  28
123  loc  goto  71
123  loc''  goto  30
123  long  s  31
123  main  s  72
123  num  goto  73
123  real  goto  74
123  string  s  36
123  string'  goto  76
123  term  goto  77
123  true  s  78
123  type  goto  37
123  unary  goto  79
123  x  s  80
125  !  s  58
125  (  s  59
125  -  s  60
125  0  s  61
125  1  s  62
125  __int128  s  18
125  a  s  63
125  bool  s  21
125  char  s  23
125  double  s  25
125  expr  goto  126
125  factor  goto  67
125  false  s  68
125  float  s  26
125  id  goto  69
125  int  s  28
125  loc  goto  71
125  loc''  goto  30
125  long  s  31
125  main  s  72
125  num  goto  73
125  real  goto  74
125  string  s  36
125  string'  goto  76
125  term  goto  77
125  true  s  78
125  type  goto  37
125  unary  goto  79
125  x  s  80
127  !  s  58
127  (  s  59
127  -  s  60
127  0  s  61
127  1  s  62
127  __int128  s  18
127  a  s  63
127  bool  s  21
127  char  s  23
127  double  s  25
127  expr  goto  128
127  factor  goto  67
127  false  s  68
127  float  s  26
127  id  goto  69
127  int  s  28
127  loc  goto  71
127  loc''  goto  30
127  long  s  31
127  main  s  72
127  num  goto  73
127  real  goto  74
127  string  s  36
127  string'  goto  76
127  term  goto  77
127  true  s  78
127  type  goto  37
127  unary  goto  79
127  x  s  80
129  !  s  58
129  (  s  59
129  -  s  60
129  0  s  61
129  1  s  62
129  __int128  s  18
129  a  s  63
129  bool  s  21
129  char  s  23
129  double  s  25
129  expr  goto  130
129  factor  goto  67
129  false  s  68
129  float  s  26
129  id  goto  69
129  int  s  28
129  loc  goto  71
129  loc''  goto  30
129  long  s  31
129  main  s  72
129  num  goto  73
129  real  goto  74
129  string  s  36
129  string'  goto  76
129  term  goto  77
129  true  s  78
129  type  goto  37
129  unary  goto  79
129  x  s  80
77  !=  r  131
77  &&  r  131
77  )  r  131
77  +  s  132
77  ,  r  131
77  -  s  133
77  ;  r  131
77  <  r  131
77  <=  r  131
77  =  r  131
77  ==  r  131
77  >  r  131
77  >=  r  131
77  [  r  131
77  expr'  goto  134
77  ||  r  131
134  !=  r  134
134  &&  r  134
134  )  r  134
134  ,  r  134
134  ;  r  134
134  <  r  134
134  <=  r  134
134  =  r  134
134  ==  r  134
134  >  r  134
134  >=  r  134
134  [  r  134
134  ||  r  134
135  !=  r  131
135  &&  r  131
135  )  r  131
135  +  s  132
135  ,  r  131
135  -  s  133
135  ;  r  131
135  <  r  131
135  <=  r  131
135  =  r  131
135  ==  r  131
135  >  r  131
135  >=  r  131
135  [  r  131
135  expr'  goto  136
135  ||  r  131
137  !=  r  131
137  &&  r  131
137  )  r  131
137  +  s  132
137  ,  r  131
137  -  s  133
137  ;  r  131
137  <  r  131
137  <=  r  131
137  =  r  131
137  ==  r  131
137  >  r  131
137  >=  r  131
137  [  r  131
137  expr'  goto  138
137  ||  r  131
132  !  s  58
132  (  s  59
132  -  s  60
132  0  s  61
132  1  s  62
132  __int128  s  18
132  a  s  63
132  bool  s  21
132  char  s  23
132  double  s  25
132  factor  goto  67
132  false  s  68
132  float  s  26
132  id  goto  69
132  int  s  28
132  loc  goto  71
132  loc''  goto  30
132  long  s  31
132  main  s  72
132  num  goto  73
132  real  goto  74
132  string  s  36
132  string'  goto  76
132  term  goto  135
132  true  s  78
132  type  goto  37
132  unary  goto  79
132  x  s  80
136  !=  r  136
136  &&  r  136
136  )  r  136
136  ,  r  136
136  ;  r  136
136  <  r  136
136  <=  r  136
136  =  r  136
136  ==  r  136
136  >  r  136
136  >=  r  136
136  [  r  136
136  ||  r  136
133  !  s  58
133  (  s  59
133  -  s  60
133  0  s  61
133  1  s  62
133  __int128  s  18
133  a  s  63
133  bool  s  21
133  char  s  23
133  double  s  25
133  factor  goto  67
133  false  s  68
133  float  s  26
133  id  goto  69
133  int  s  28
133  loc  goto  71
133  loc''  goto  30
133  long  s  31
133  main  s  72
133  num  goto  73
133  real  goto  74
133  string  s  36
133  string'  goto  76
133  term  goto  137
133  true  s  78
133  type  goto  37
133  unary  goto  79
133  x  s  80
138  !=  r  138
138  &&  r  138
138  )  r  138
138  ,  r  138
138  ;  r  138
138  <  r  138
138  <=  r  138
138  =  r  138
138  ==  r  138
138  >  r  138
138  >=  r  138
138  [  r  138
138  ||  r  138
117  ;  r  117
139  !  s  58
139  (  s  59
139  -  s  60
139  0  s  61
139  1  s  62
139  __int128  s  18
139  a  s  63
139  bool  s  21
139  char  s  23
139  double  s  25
139  factor  goto  67
139  false  s  68
139  float  s  26
139  id  goto  69
139  int  s  28
139  loc  goto  71
139  loc''  goto  30
139  long  s  31
139  main  s  72
139  num  goto  73
139  real  goto  74
139  string  s  36
139  string'  goto  76
139  true  s  78
139  type  goto  37
139  unary  goto  140
139  x  s  80
141  !  s  58
141  (  s  59
141  -  s  60
141  0  s  61
141  1  s  62
141  __int128  s  18
141  a  s  63
141  bool  s  21
141  char  s  23
141  double  s  25
141  factor  goto  67
141  false  s  68
141  float  s  26
141  id  goto  69
141  int  s  28
141  loc  goto  71
141  loc''  goto  30
141  long  s  31
141  main  s  72
141  num  goto  73
141  real  goto  74
141  string  s  36
141  string'  goto  76
141  true  s  78
141  type  goto  37
141  unary  goto  142
141  x  s  80
58  !  s  58
58  (  s  59
58  -  s  60
58  0  s  61
58  1  s  62
58  __int128  s  18
58  a  s  63
58  bool  s  21
58  char  s  23
58  double  s  25
58  factor  goto  67
58  false  s  68
58  float  s  26
58  id  goto  69
58  int  s  28
58  loc  goto  71
58  loc''  goto  30
58  long  s  31
58  main  s  72
58  num  goto  73
58  real  goto  74
58  string  s  36
58  string'  goto  76
58  true  s  78
58  type  goto  37
58  unary  goto  143
58  x  s  80
60  !  s  58
60  (  s  59
60  -  s  60
60  0  s  61
60  1  s  62
60  __int128  s  18
60  a  s  63
60  bool  s  21
60  char  s  23
60  double  s  25
60  factor  goto  67
60  false  s  68
60  float  s  26
60  id  goto  69
60  int  s  28
60  loc  goto  71
60  loc''  goto  30
60  long  s  31
60  main  s  72
60  num  goto  73
60  real  goto  74
60  string  s  36
60  string'  goto  76
60  true  s  78
60  type  goto  37
60  unary  goto  144
60  x  s  80
119  )  s  145
145  !=  r  145
145  &&  r  145
145  )  r  145
145  *  r  145
145  +  r  145
145  ,  r  145
145  -  r  145
145  /  r  145
145  ;  r  145
145  <  r  145
145  <=  r  145
145  =  r  145
145  ==  r  145
145  >  r  145
145  >=  r  145
145  [  r  145
145  ||  r  145
68  !=  r  68
68  &&  r  68
68  )  r  68
68  *  r  68
68  +  r  68
68  ,  r  68
68  -  r  68
68  /  r  68
68  ;  r  68
68  <  r  68
68  <=  r  68
68  =  r  68
68  ==  r  68
68  >  r  68
68  >=  r  68
68  [  r  68
68  ||  r  68
69  !=  r  146
69  &&  r  146
69  )  r  146
69  *  r  146
69  +  r  146
69  ,  r  146
69  -  r  146
69  /  r  146
69  ;  r  146
69  <  r  146
69  <=  r  146
69  =  r  146
69  ==  r  146
69  >  r  146
69  >=  r  146
69  [  s  147
69  ||  r  146
147  0  s  61
147  1  s  62
147  a  s  63
147  id  goto  148
147  main  s  72
147  num  goto  149
147  x  s  80
148  ]  s  150
150  !=  r  150
150  &&  r  150
150  )  r  150
150  *  r  150
150  +  r  150
150  ,  r  150
150  -  r  150
150  /  r  150
150  ;  r  150
150  <  r  150
150  <=  r  150
150  =  r  150
150  ==  r  150
150  >  r  150
150  >=  r  150
150  [  r  150
150  ||  r  150
149  ]  s  151
151  !=  r  151
151  &&  r  151
151  )  r  151
151  *  r  151
151  +  r  151
151  ,  r  151
151  -  r  151
151  /  r  151
151  ;  r  151
151  <  r  151
151  <=  r  151
151  =  r  151
151  ==  r  151
151  >  r  151
151  >=  r  151
151  [  r  151
151  ||  r  151
71  !=  r  71
71  &&  r  71
71  )  r  71
71  *  r  71
71  +  r  71
71  ,  r  71
71  -  r  71
71  /  r  71
71  ;  r  71
71  <  r  71
71  <=  r  71
71  =  r  71
71  ==  r  71
71  >  r  71
71  >=  r  71
71  [  r  71
71  ||  r  71
73  !=  r  73
73  &&  r  73
73  )  r  73
73  *  r  73
73  +  r  73
73  ,  r  73
73  -  r  73
73  /  r  73
73  ;  r  73
73  <  r  73
73  <=  r  73
73  =  r  73
73  ==  r  73
73  >  r  73
73  >=  r  73
73  [  r  73
73  ||  r  73
74  !=  r  74
74  &&  r  74
74  )  r  74
74  *  r  74
74  +  r  74
74  ,  r  74
74  -  r  74
74  /  r  74
74  ;  r  74
74  <  r  74
74  <=  r  74
74  =  r  74
74  ==  r  74
74  >  r  74
74  >=  r  74
74  [  r  74
74  ||  r  74
76  !=  r  76
76  &&  r  76
76  )  r  76
76  *  r  76
76  +  r  76
76  ,  r  76
76  -  r  76
76  /  r  76
76  ;  r  76
76  <  r  76
76  <=  r  76
76  =  r  76
76  ==  r  76
76  >  r  76
76  >=  r  76
76  [  r  76
76  ||  r  76
78  !=  r  78
78  &&  r  78
78  )  r  78
78  *  r  78
78  +  r  78
78  ,  r  78
78  -  r  78
78  /  r  78
78  ;  r  78
78  <  r  78
78  <=  r  78
78  =  r  78
78  ==  r  78
78  >  r  78
78  >=  r  78
78  [  r  78
78  ||  r  78
30  a  s  63
30  id  goto  152
30  main  s  72
30  x  s  80
153  0  s  61
153  1  s  62
153  a  s  63
153  id  goto  154
153  main  s  72
153  num  goto  155
153  x  s  80
93  a  s  63
93  id  goto  156
93  main  s  72
93  x  s  80
3  a  s  63
3  id  goto  157
3  main  s  72
3  x  s  80
14  a  s  63
14  id  goto  158
14  main  s  72
14  x  s  80
63  !=  r  63
63  &&  r  63
63  (  r  63
63  )  r  63
63  *  r  63
63  +  r  63
63  ,  r  63
63  -  r  63
63  /  r  63
63  ;  r  63
63  <  r  63
63  <=  r  63
63  =  r  63
63  ==  r  63
63  >  r  63
63  >=  r  63
63  [  r  63
63  ]  r  63
63  ||  r  63
72  !=  r  72
72  &&  r  72
72  (  r  72
72  )  r  72
72  *  r  72
72  +  r  72
72  ,  r  72
72  -  r  72
72  /  r  72
72  ;  r  72
72  <  r  72
72  <=  r  72
72  =  r  72
72  ==  r  72
72  >  r  72
72  >=  r  72
72  [  r  72
72  ]  r  72
72  ||  r  72
80  !=  r  80
80  &&  r  80
80  (  r  80
80  )  r  80
80  *  r  80
80  +  r  80
80  ,  r  80
80  -  r  80
80  /  r  80
80  ;  r  80
80  <  r  80
80  <=  r  80
80  =  r  80
80  ==  r  80
80  >  r  80
80  >=  r  80
80  [  r  80
80  ]  r  80
80  ||  r  80
65  &&  s  106
65  )  r  159
65  join'  goto  160
65  ||  r  159
160  )  r  160
160  ||  r  160
107  &&  s  106
107  )  r  159
107  join'  goto  161
107  ||  r  159
161  )  r  161
161  ||  r  161
152  !=  r  162
152  &&  r  162
152  )  r  162
152  *  r  162
152  +  r  162
152  ,  r  162
152  -  r  162
152  /  r  162
152  ;  r  162
152  <  r  162
152  <=  r  162
152  =  r  162
152  ==  r  162
152  >  r  162
152  >=  r  162
152  [  s  153
152  loc'  goto  163
152  ||  r  162
163  !=  r  163
163  &&  r  163
163  )  r  163
163  *  r  163
163  +  r  163
163  ,  r  163
163  -  r  163
163  /  r  163
163  ;  r  163
163  <  r  163
163  <=  r  163
163  =  r  163
163  ==  r  163
163  >  r  163
163  >=  r  163
163  [  r  163
163  ||  r  163
164  !=  r  162
164  &&  r  162
164  )  r  162
164  *  r  162
164  +  r  162
164  ,  r  162
164  -  r  162
164  /  r  162
164  ;  r  162
164  <  r  162
164  <=  r  162
164  =  r  162
164  ==  r  162
164  >  r  162
164  >=  r  162
164  [  s  153
164  loc'  goto  165
164  ||  r  162
166  !=  r  162
166  &&  r  162
166  )  r  162
166  *  r  162
166  +  r  162
166  ,  r  162
166  -  r  162
166  /  r  162
166  ;  r  162
166  <  r  162
166  <=  r  162
166  =  r  162
166  ==  r  162
166  >  r  162
166  >=  r  162
166  [  s  153
166  loc'  goto  167
166  ||  r  162
154  ]  s  164
165  !=  r  165
165  &&  r  165
165  )  r  165
165  *  r  165
165  +  r  165
165  ,  r  165
165  -  r  165
165  /  r  165
165  ;  r  165
165  <  r  165
165  <=  r  165
165  =  r  165
165  ==  r  165
165  >  r  165
165  >=  r  165
165  [  r  165
165  ||  r  165
155  ]  s  166
167  !=  r  167
167  &&  r  167
167  )  r  167
167  *  r  167
167  +  r  167
167  ,  r  167
167  -  r  167
167  /  r  167
167  ;  r  167
167  <  r  167
167  <=  r  167
167  =  r  167
167  ==  r  167
167  >  r  167
167  >=  r  167
167  [  r  167
167  ||  r  167
37  a  r  37
37  main  r  37
37  x  r  37
156  )  r  92
156  ,  s  93
156  ;  r  92
156  =  s  94
156  [  s  95
156  next  goto  168
120  )  r  92
120  ,  s  93
120  ;  r  92
120  =  s  94
120  [  s  95
120  next  goto  169
170  )  r  92
170  ,  s  93
170  ;  r  92
170  =  s  94
170  [  s  95
170  next  goto  171
168  )  r  168
168  ;  r  168
169  )  r  169
169  ;  r  169
95  0  s  61
95  1  s  62
95  num  goto  172
172  ]  s  170
171  )  r  171
171  ;  r  171
61  !=  r  61
61  &&  r  61
61  )  r  61
61  *  r  61
61  +  r  61
61  ,  r  61
61  -  r  61
61  /  r  61
61  ;  r  61
61  <  r  61
61  <=  r  61
61  =  r  61
61  ==  r  61
61  >  r  61
61  >=  r  61
61  [  r  61
61  ]  r  61
61  ||  r  61
62  !=  r  62
62  &&  r  62
62  )  r  62
62  *  r  62
62  +  r  62
62  ,  r  62
62  -  r  62
62  /  r  62
62  ;  r  62
62  <  r  62
62  <=  r  62
62  =  r  62
62  ==  r  62
62  >  r  62
62  >=  r  62
62  [  r  62
62  ]  r  62
62  ||  r  62
157  (  s  98
100  )  s  49
15  $  acc  15
158  (  s  102
103  )  s  50
51  $  r  51
66  !=  r  173
66  &&  r  173
66  )  r  173
66  <  s  121
66  <=  s  123
66  ==  r  173
66  >  s  125
66  >=  s  127
66  ||  r  173
122  !=  r  122
122  &&  r  122
122  )  r  122
122  ==  r  122
122  ||  r  122
124  !=  r  124
124  &&  r  124
124  )  r  124
124  ==  r  124
124  ||  r  124
126  !=  r  126
126  &&  r  126
126  )  r  126
126  ==  r  126
126  ||  r  126
128  !=  r  128
128  &&  r  128
128  )  r  128
128  ==  r  128
128  ||  r  128
20  __int128  r  20
20  a  r  20
20  bool  r  20
20  break  r  20
20  char  r  20
20  do  r  20
20  double  r  20
20  else  r  20
20  float  r  20
20  if  r  20
20  int  r  20
20  long  r  20
20  main  r  20
20  return  r  20
20  string  r  20
20  while  r  20
20  x  r  20
20  {  r  20
20  }  r  20
22  ;  s  174
174  __int128  r  174
174  a  r  174
174  bool  r  174
174  break  r  174
174  char  r  174
174  do  r  174
174  double  r  174
174  else  r  174
174  float  r  174
174  if  r  174
174  int  r  174
174  long  r  174
174  main  r  174
174  return  r  174
174  string  r  174
174  while  r  174
174  x  r  174
174  {  r  174
174  }  r  174
41  while  s  175
175  (  s  57
64  )  s  176
176  ;  s  177
177  __int128  r  177
177  a  r  177
177  bool  r  177
177  break  r  177
177  char  r  177
177  do  r  177
177  double  r  177
177  else  r  177
177  float  r  177
177  if  r  177
177  int  r  177
177  long  r  177
177  main  r  177
177  return  r  177
177  string  r  177
177  while  r  177
177  x  r  177
177  {  r  177
177  }  r  177
27  (  s  81
82  )  s  42
43  __int128  r  178
43  a  r  178
43  bool  r  178
43  break  r  178
43  char  r  178
43  do  r  178
43  double  r  178
43  else  s  44
43  float  r  178
43  if  r  178
43  int  r  178
43  long  r  178
43  main  r  178
43  return  r  178
43  string  r  178
43  while  r  178
43  x  r  178
43  {  r  178
43  }  r  178
45  __int128  r  45
45  a  r  45
45  bool  r  45
45  break  r  45
45  char  r  45
45  do  r  45
45  double  r  45
45  else  r  45
45  float  r  45
45  if  r  45
45  int  r  45
45  long  r  45
45  main  r  45
45  return  r  45
45  string  r  45
45  while  r  45
45  x  r  45
45  {  r  45
45  }  r  45
29  =  s  129
130  ;  s  179
179  __int128  r  179
179  a  r  179
179  bool  r  179
179  break  r  179
179  char  r  179
179  do  r  179
179  double  r  179
179  else  r  179
179  float  r  179
179  if  r  179
179  int  r  179
179  long  r  179
179  main  r  179
179  return  r  179
179  string  r  179
179  while  r  179
179  x  r  179
179  {  r  179
179  }  r  179
118  ;  s  180
180  __int128  r  180
180  a  r  180
180  bool  r  180
180  break  r  180
180  char  r  180
180  do  r  180
180  double  r  180
180  else  r  180
180  float  r  180
180  if  r  180
180  int  r  180
180  long  r  180
180  main  r  180
180  return  r  180
180  string  r  180
180  while  r  180
180  x  r  180
180  {  r  180
180  }  r  180
38  (  s  83
84  )  s  46
47  __int128  r  47
47  a  r  47
47  bool  r  47
47  break  r  47
47  char  r  47
47  do  r  47
47  double  r  47
47  else  r  47
47  float  r  47
47  if  r  47
47  int  r  47
47  long  r  47
47  main  r  47
47  return  r  47
47  string  r  47
47  while  r  47
47  x  r  47
47  {  r  47
47  }  r  47
35  }  r  35
48  }  r  48
79  !=  r  181
79  &&  r  181
79  )  r  181
79  *  s  139
79  +  r  181
79  ,  r  181
79  -  r  181
79  /  s  141
79  ;  r  181
79  <  r  181
79  <=  r  181
79  =  r  181
79  ==  r  181
79  >  r  181
79  >=  r  181
79  [  r  181
79  term'  goto  182
79  ||  r  181
182  !=  r  182
182  &&  r  182
182  )  r  182
182  +  r  182
182  ,  r  182
182  -  r  182
182  ;  r  182
182  <  r  182
182  <=  r  182
182  =  r  182
182  ==  r  182
182  >  r  182
182  >=  r  182
182  [  r  182
182  ||  r  182
140  !=  r  181
140  &&  r  181
140  )  r  181
140  *  s  139
140  +  r  181
140  ,  r  181
140  -  r  181
140  /  s  141
140  ;  r  181
140  <  r  181
140  <=  r  181
140  =  r  181
140  ==  r  181
140  >  r  181
140  >=  r  181
140  [  r  181
140  term'  goto  183
140  ||  r  181
142  !=  r  181
142  &&  r  181
142  )  r  181
142  *  s  139
142  +  r  181
142  ,  r  181
142  -  r  181
142  /  s  141
142  ;  r  181
142  <  r  181
142  <=  r  181
142  =  r  181
142  ==  r  181
142  >  r  181
142  >=  r  181
142  [  r  181
142  term'  goto  184
142  ||  r  181
183  !=  r  183
183  &&  r  183
183  )  r  183
183  +  r  183
183  ,  r  183
183  -  r  183
183  ;  r  183
183  <  r  183
183  <=  r  183
183  =  r  183
183  ==  r  183
183  >  r  183
183  >=  r  183
183  [  r  183
183  ||  r  183
184  !=  r  184
184  &&  r  184
184  )  r  184
184  +  r  184
184  ,  r  184
184  -  r  184
184  ;  r  184
184  <  r  184
184  <=  r  184
184  =  r  184
184  ==  r  184
184  >  r  184
184  >=  r  184
184  [  r  184
184  ||  r  184
18  a  r  18
18  main  r  18
18  x  r  18
21  a  r  21
21  main  r  21
21  x  r  21
23  a  r  23
23  main  r  23
23  x  r  23
25  a  r  25
25  main  r  25
25  x  r  25
26  a  r  26
26  main  r  26
26  x  r  26
28  a  r  28
28  main  r  28
28  x  r  28
31  long  s  185
185  a  r  185
185  main  r  185
185  x  r  185
36  a  r  36
36  main  r  36
36  x  r  36
143  !=  r  143
143  &&  r  143
143  )  r  143
143  *  r  143
143  +  r  143
143  ,  r  143
143  -  r  143
143  /  r  143
143  ;  r  143
143  <  r  143
143  <=  r  143
143  =  r  143
143  ==  r  143
143  >  r  143
143  >=  r  143
143  [  r  143
143  ||  r  143
144  !=  r  144
144  &&  r  144
144  )  r  144
144  *  r  144
144  +  r  144
144  ,  r  144
144  -  r  144
144  /  r  144
144  ;  r  144
144  <  r  144
144  <=  r  144
144  =  r  144
144  ==  r  144
144  >  r  144
144  >=  r  144
144  [  r  144
144  ||  r  144
67  !=  r  67
67  &&  r  67
67  )  r  67
67  *  r  67
67  +  r  67
67  ,  r  67
67  -  r  67
67  /  r  67
67  ;  r  67
67  <  r  67
67  <=  r  67
67  =  r  67
67  ==  r  67
67  >  r  67
67  >=  r  67
67  [  r  67
67  ||  r  67
