1  (  s  2
1  3  s  3
1  4  s  4
1  L  goto  5
1  expr  goto  6
1  factor  goto  7
1  i  s  8
1  id  goto  9
1  j  s  10
1  num  goto  11
1  term  goto  12
13  (  s  13
13  3  s  3
13  4  s  4
13  L  goto  5
13  bool  goto  14
13  expr  goto  15
13  factor  goto  7
13  i  s  8
13  id  goto  9
13  j  s  10
13  num  goto  11
13  term  goto  12
16  (  s  13
16  3  s  3
16  4  s  4
16  L  goto  5
16  bool  goto  17
16  expr  goto  18
16  factor  goto  7
16  i  s  8
16  id  goto  9
16  j  s  10
16  num  goto  11
16  term  goto  12
19  (  s  13
19  3  s  3
19  4  s  4
19  L  goto  5
19  bool  goto  20
19  expr  goto  18
19  factor  goto  7
19  i  s  8
19  id  goto  9
19  j  s  10
19  num  goto  11
19  term  goto  12
21  (  s  13
21  3  s  3
21  4  s  4
21  L  goto  5
21  bool  goto  22
21  expr  goto  18
21  factor  goto  7
21  i  s  8
21  id  goto  9
21  j  s  10
21  num  goto  11
21  term  goto  12
23  (  s  13
23  3  s  3
23  4  s  4
23  L  goto  5
23  bool  goto  24
23  expr  goto  18
23  factor  goto  7
23  i  s  8
23  id  goto  9
23  j  s  10
23  num  goto  11
23  term  goto  12
25  (  s  13
25  3  s  3
25  4  s  4
25  L  goto  5
25  bool  goto  26
25  expr  goto  18
25  factor  goto  7
25  i  s  8
25  id  goto  9
25  j  s  10
25  num  goto  11
25  term  goto  12
27  (  s  2
27  3  s  3
27  4  s  4
27  L  goto  5
27  expr  goto  28
27  factor  goto  7
27  i  s  8
27  id  goto  9
27  j  s  10
27  num  goto  11
27  term  goto  12
29  $  r  30
29  L  goto  31
29  decl  goto  32
29  do  s  33
29  float  s  34
29  i  s  8
29  id  goto  35
29  if  s  36
29  int  s  37
29  j  s  10
29  stmt  goto  38
29  stmts  goto  39
29  stmts'  goto  40
29  type  goto  41
29  while  s  42
29  {  s  43
29  }  r  30
2  (  s  2
2  3  s  3
2  4  s  4
2  L  goto  5
2  expr  goto  44
2  factor  goto  7
2  i  s  8
2  id  goto  9
2  j  s  10
2  num  goto  11
2  term  goto  12
45  (  s  2
45  3  s  3
45  4  s  4
45  L  goto  5
45  expr  goto  46
45  factor  goto  7
45  i  s  8
45  id  goto  9
45  j  s  10
45  num  goto  11
45  term  goto  12
47  (  s  2
47  3  s  3
47  4  s  4
47  L  goto  5
47  factor  goto  7
47  i  s  8
47  id  goto  9
47  j  s  10
47  num  goto  11
47  term  goto  48
49  (  s  2
49  3  s  3
49  4  s  4
49  L  goto  5
49  factor  goto  7
49  i  s  8
49  id  goto  9
49  j  s  10
49  num  goto  11
49  term  goto  50
51  L  goto  31
51  do  s  33
51  i  s  8
51  id  goto  35
51  if  s  36
51  j  s  10
51  stmt  goto  52
51  while  s  42
51  {  s  43
53  L  goto  31
53  do  s  33
53  i  s  8
53  id  goto  35
53  if  s  36
53  j  s  10
53  stmt  goto  54
53  while  s  42
53  {  s  43
55  L  goto  31
55  do  s  33
55  i  s  8
55  id  goto  35
55  if  s  36
55  j  s  10
55  stmt  goto  56
55  while  s  42
55  {  s  43
57  L  goto  31
57  do  s  33
57  i  s  8
57  id  goto  35
57  if  s  36
57  j  s  10
57  stmt  goto  58
57  while  s  42
57  {  s  43
43  $  r  30
43  L  goto  31
43  do  s  33
43  i  s  8
43  id  goto  35
43  if  s  36
43  j  s  10
43  stmt  goto  38
43  stmts  goto  59
43  stmts'  goto  40
43  while  s  42
43  {  s  43
43  }  r  30
60  $  r  30
60  L  goto  31
60  do  s  33
60  i  s  8
60  id  goto  35
60  if  s  36
60  j  s  10
60  stmt  goto  38
60  stmts  goto  61
60  stmts'  goto  40
60  while  s  42
60  {  s  43
60  }  r  30
9  !=  r  62
9  &&  r  62
9  )  r  62
9  *  r  62
9  +  r  62
9  -  r  62
9  /  r  62
9  ;  r  62
9  <  r  62
9  <=  r  62
9  ==  r  62
9  >  r  62
9  >=  r  62
9  [  s  1
9  ]  r  62
9  ||  r  62
35  =  s  45
35  [  s  1
6  +  s  47
6  -  s  49
6  ]  s  63
63  !=  r  63
63  &&  r  63
63  )  r  63
63  *  r  63
63  +  r  63
63  -  r  63
63  /  r  63
63  ;  r  63
63  <  r  63
63  <=  r  63
63  =  r  63
63  ==  r  63
63  >  r  63
63  >=  r  63
63  ]  r  63
63  ||  r  63
64  $  r  65
64  (  r  65
64  3  r  65
64  4  r  65
64  M  goto  16
64  do  r  65
64  i  r  65
64  if  r  65
64  j  r  65
64  while  r  65
64  {  r  65
64  }  r  65
66  $  r  65
66  (  r  65
66  3  r  65
66  4  r  65
66  M  goto  19
66  do  r  65
66  i  r  65
66  if  r  65
66  j  r  65
66  while  r  65
66  {  r  65
66  }  r  65
33  $  r  65
33  (  r  65
33  3  r  65
33  4  r  65
33  M  goto  51
33  do  r  65
33  i  r  65
33  if  r  65
33  j  r  65
33  while  r  65
33  {  r  65
33  }  r  65
67  $  r  65
67  (  r  65
67  3  r  65
67  4  r  65
67  M  goto  68
67  do  r  65
67  i  r  65
67  if  r  65
67  j  r  65
67  while  r  65
67  {  r  65
67  }  r  65
69  $  r  65
69  (  r  65
69  3  r  65
69  4  r  65
69  M  goto  53
69  do  r  65
69  i  r  65
69  if  r  65
69  j  r  65
69  while  r  65
69  {  r  65
69  }  r  65
70  $  r  65
70  (  r  65
70  3  r  65
70  4  r  65
70  M  goto  55
70  do  r  65
70  i  r  65
70  if  r  65
70  j  r  65
70  while  r  65
70  {  r  65
70  }  r  65
42  $  r  65
42  (  r  65
42  3  r  65
42  4  r  65
42  M  goto  71
42  do  r  65
42  i  r  65
42  if  r  65
42  j  r  65
42  while  r  65
42  {  r  65
42  }  r  65
72  $  r  65
72  (  r  65
72  3  r  65
72  4  r  65
72  M  goto  57
72  do  r  65
72  i  r  65
72  if  r  65
72  j  r  65
72  while  r  65
72  {  r  65
72  }  r  65
38  $  r  65
38  (  r  65
38  3  r  65
38  4  r  65
38  M  goto  60
38  do  r  65
38  i  r  65
38  if  r  65
38  j  r  65
38  while  r  65
38  {  r  65
38  }  r  65
54  $  r  73
54  N  goto  74
54  do  r  73
54  else  r  75
54  i  r  73
54  if  r  73
54  j  r  73
54  while  r  73
54  {  r  73
54  }  r  73
14  &&  s  64
14  )  s  76
14  ||  s  66
76  &&  r  76
76  )  r  76
76  ||  r  76
17  &&  s  64
17  )  r  77
17  ||  s  66
20  &&  s  64
20  )  r  78
20  ||  s  66
22  &&  s  64
22  )  s  79
22  ||  s  66
24  &&  s  64
24  )  s  69
24  ||  s  66
26  &&  s  64
26  )  s  72
26  ||  s  66
15  !=  s  80
15  )  s  81
15  +  s  47
15  -  s  49
15  <  s  82
15  <=  s  83
15  ==  s  84
15  >  s  85
15  >=  s  86
15  rel  goto  27
18  !=  s  80
18  +  s  47
18  -  s  49
18  <  s  82
18  <=  s  83
18  ==  s  84
18  >  s  85
18  >=  s  86
18  rel  goto  27
28  &&  r  87
28  )  r  87
28  +  s  47
28  -  s  49
28  ||  r  87
41  i  s  8
41  id  goto  88
41  j  s  10
88  ;  s  89
89  $  r  89
89  do  r  89
89  float  r  89
89  i  r  89
89  if  r  89
89  int  r  89
89  j  r  89
89  while  r  89
89  {  r  89
90  $  r  91
90  decls  goto  29
90  do  r  91
90  float  r  91
90  i  r  91
90  if  r  91
90  int  r  91
90  j  r  91
90  while  r  91
90  {  r  91
32  $  r  32
32  do  r  32
32  float  r  32
32  i  r  32
32  if  r  32
32  int  r  32
32  j  r  32
32  while  r  32
32  {  r  32
44  )  s  81
44  +  s  47
44  -  s  49
46  +  s  47
46  -  s  49
46  ;  s  92
48  !=  r  93
48  &&  r  93
48  )  r  93
48  *  s  94
48  +  r  93
48  -  r  93
48  /  s  95
48  ;  r  93
48  <  r  93
48  <=  r  93
48  ==  r  93
48  >  r  93
48  >=  r  93
48  ]  r  93
48  ||  r  93
50  !=  r  96
50  &&  r  96
50  )  r  96
50  *  s  94
50  +  r  96
50  -  r  96
50  /  s  95
50  ;  r  96
50  <  r  96
50  <=  r  96
50  ==  r  96
50  >  r  96
50  >=  r  96
50  ]  r  96
50  ||  r  96
12  !=  r  97
12  &&  r  97
12  )  r  97
12  *  s  94
12  +  r  97
12  -  r  97
12  /  s  95
12  ;  r  97
12  <  r  97
12  <=  r  97
12  ==  r  97
12  >  r  97
12  >=  r  97
12  ]  r  97
12  ||  r  97
94  (  s  2
94  3  s  3
94  4  s  4
94  factor  goto  98
94  i  s  8
94  id  goto  62
94  j  s  10
94  num  goto  11
95  (  s  2
95  3  s  3
95  4  s  4
95  factor  goto  99
95  i  s  8
95  id  goto  62
95  j  s  10
95  num  goto  11
81  !=  r  81
81  &&  r  81
81  )  r  81
81  *  r  81
81  +  r  81
81  -  r  81
81  /  r  81
81  ;  r  81
81  <  r  81
81  <=  r  81
81  ==  r  81
81  >  r  81
81  >=  r  81
81  ]  r  81
81  ||  r  81
62  !=  r  62
62  &&  r  62
62  )  r  62
62  *  r  62
62  +  r  62
62  -  r  62
62  /  r  62
62  ;  r  62
62  <  r  62
62  <=  r  62
62  ==  r  62
62  >  r  62
62  >=  r  62
62  ]  r  62
62  ||  r  62
11  !=  r  11
11  &&  r  11
11  )  r  11
11  *  r  11
11  +  r  11
11  -  r  11
11  /  r  11
11  ;  r  11
11  <  r  11
11  <=  r  11
11  ==  r  11
11  >  r  11
11  >=  r  11
11  ]  r  11
11  ||  r  11
8  !=  r  8
8  &&  r  8
8  )  r  8
8  *  r  8
8  +  r  8
8  -  r  8
8  /  r  8
8  ;  r  8
8  <  r  8
8  <=  r  8
8  =  r  8
8  ==  r  8
8  >  r  8
8  >=  r  8
8  [  r  8
8  ]  r  8
8  ||  r  8
10  !=  r  10
10  &&  r  10
10  )  r  10
10  *  r  10
10  +  r  10
10  -  r  10
10  /  r  10
10  ;  r  10
10  <  r  10
10  <=  r  10
10  =  r  10
10  ==  r  10
10  >  r  10
10  >=  r  10
10  [  r  10
10  ]  r  10
10  ||  r  10
3  !=  r  3
3  &&  r  3
3  )  r  3
3  *  r  3
3  +  r  3
3  -  r  3
3  /  r  3
3  ;  r  3
3  <  r  3
3  <=  r  3
3  ==  r  3
3  >  r  3
3  >=  r  3
3  ]  r  3
3  ||  r  3
4  !=  r  4
4  &&  r  4
4  )  r  4
4  *  r  4
4  +  r  4
4  -  r  4
4  /  r  4
4  ;  r  4
4  <  r  4
4  <=  r  4
4  ==  r  4
4  >  r  4
4  >=  r  4
4  ]  r  4
4  ||  r  4
39  $  acc  39
80  (  r  80
80  3  r  80
80  4  r  80
80  i  r  80
80  j  r  80
82  (  r  82
82  3  r  82
82  4  r  82
82  i  r  82
82  j  r  82
83  (  r  83
83  3  r  83
83  4  r  83
83  i  r  83
83  j  r  83
84  (  r  84
84  3  r  84
84  4  r  84
84  i  r  84
84  j  r  84
85  (  r  85
85  3  r  85
85  4  r  85
85  i  r  85
85  j  r  85
86  (  r  86
86  3  r  86
86  4  r  86
86  i  r  86
86  j  r  86
31  =  s  100
100  expr;  goto  101
101  $  r  101
101  do  r  101
101  else  r  101
101  i  r  101
101  if  r  101
101  j  r  101
101  while  r  101
101  {  r  101
101  }  r  101
52  while  s  67
68  (  s  21
79  ;  s  102
102  $  r  102
102  do  r  102
102  else  r  102
102  i  r  102
102  if  r  102
102  j  r  102
102  while  r  102
102  {  r  102
102  }  r  102
92  $  r  92
92  do  r  92
92  else  r  92
92  i  r  92
92  if  r  92
92  j  r  92
92  while  r  92
92  {  r  92
92  }  r  92
36  (  s  23
74  else  s  70
56  $  r  56
56  do  r  56
56  else  r  56
56  i  r  56
56  if  r  56
56  j  r  56
56  while  r  56
56  {  r  56
56  }  r  56
71  (  s  25
58  $  r  58
58  do  r  58
58  else  r  58
58  i  r  58
58  if  r  58
58  j  r  58
58  while  r  58
58  {  r  58
58  }  r  58
59  }  s  103
103  $  r  103
103  do  r  103
103  else  r  103
103  i  r  103
103  if  r  103
103  j  r  103
103  while  r  103
103  {  r  103
103  }  r  103
40  $  r  40
40  }  r  40
61  $  r  61
61  }  r  61
5  !=  r  5
5  &&  r  5
5  )  r  5
5  *  r  5
5  +  r  5
5  -  r  5
5  /  r  5
5  ;  r  5
5  <  r  5
5  <=  r  5
5  ==  r  5
5  >  r  5
5  >=  r  5
5  ]  r  5
5  ||  r  5
7  !=  r  7
7  &&  r  7
7  )  r  7
7  *  r  7
7  +  r  7
7  -  r  7
7  /  r  7
7  ;  r  7
7  <  r  7
7  <=  r  7
7  ==  r  7
7  >  r  7
7  >=  r  7
7  ]  r  7
7  ||  r  7
98  !=  r  98
98  &&  r  98
98  )  r  98
98  *  r  98
98  +  r  98
98  -  r  98
98  /  r  98
98  ;  r  98
98  <  r  98
98  <=  r  98
98  ==  r  98
98  >  r  98
98  >=  r  98
98  ]  r  98
98  ||  r  98
99  !=  r  99
99  &&  r  99
99  )  r  99
99  *  r  99
99  +  r  99
99  -  r  99
99  /  r  99
99  ;  r  99
99  <  r  99
99  <=  r  99
99  ==  r  99
99  >  r  99
99  >=  r  99
99  ]  r  99
99  ||  r  99
34  i  r  34
34  j  r  34
37  i  r  37
37  j  r  37
