state	!=	$	&&	(	)	*	+	-	/	3	4	;	<	<=	=	==	>	>=	[	]	do	else	float	i	if	int	j	while	{	||	}	L	M	N	bool	decl	decls	expr	expr;	factor	id	num	rel	stmt	stmts	stmts'	term	type	
1	error	error	error	s2	error	error	error	error	error	s3	s4	error	error	error	error	error	error	error	error	error	error	error	error	s8	error	error	s10	error	error	error	error	5	error	error	error	error	error	6	error	7	9	11	error	error	error	error	12	error	
2	error	error	error	s2	error	error	error	error	error	s3	s4	error	error	error	error	error	error	error	error	error	error	error	error	s8	error	error	s10	error	error	error	error	5	error	error	error	error	error	44	error	7	9	11	error	error	error	error	12	error	
3	r3	error	r3	error	r3	r3	r3	r3	r3	error	error	r3	r3	r3	error	r3	r3	r3	error	r3	error	error	error	error	error	error	error	error	error	r3	error	error	error	error	error	error	error	error	error	error	error	error	error	error	error	error	error	error	
4	r4	error	r4	error	r4	r4	r4	r4	r4	error	error	r4	r4	r4	error	r4	r4	r4	error	r4	error	error	error	error	error	error	error	error	error	r4	error	error	error	error	error	error	error	error	error	error	error	error	error	error	error	error	error	error	
5	r5	error	r5	error	r5	r5	r5	r5	r5	error	error	r5	r5	r5	error	r5	r5	r5	error	r5	error	error	error	error	error	error	error	error	error	r5	error	error	error	error	error	error	error	error	error	error	error	error	error	error	error	error	error	error	
6	error	error	error	error	error	error	s47	s49	error	error	error	error	error	error	error	error	error	error	error	s63	error	error	error	error	error	error	error	error	error	error	error	error	error	error	error	error	error	error	error	error	error	error	error	error	error	error	error	error	
7	r7	error	r7	error	r7	r7	r7	r7	r7	error	error	r7	r7	r7	error	r7	r7	r7	error	r7	error	error	error	error	error	error	error	error	error	r7	error	error	error	error	error	error	error	error	error	error	error	error	error	error	error	error	error	error	
8	r8	error	r8	error	r8	r8	r8	r8	r8	error	error	r8	r8	r8	r8	r8	r8	r8	r8	r8	error	error	error	error	error	error	error	error	error	r8	error	error	error	error	error	error	error	error	error	error	error	error	error	error	error	error	error	error	
9	r62	error	r62	error	r62	r62	r62	r62	r62	error	error	r62	r62	r62	error	r62	r62	r62	s1	r62	error	error	error	error	error	error	error	error	error	r62	error	error	error	error	error	error	error	error	error	error	error	error	error	error	error	error	error	error	
10	r10	error	r10	error	r10	r10	r10	r10	r10	error	error	r10	r10	r10	r10	r10	r10	r10	r10	r10	error	error	error	error	error	error	error	error	error	r10	error	error	error	error	error	error	error	error	error	error	error	error	error	error	error	error	error	error	
11	r11	error	r11	error	r11	r11	r11	r11	r11	error	error	r11	r11	r11	error	r11	r11	r11	error	r11	error	error	error	error	error	error	error	error	error	r11	error	error	error	error	error	error	error	error	error	error	error	error	error	error	error	error	error	error	
12	r97	error	r97	error	r97	s94	r97	r97	s95	error	error	r97	r97	r97	error	r97	r97	r97	error	r97	error	error	error	error	error	error	error	error	error	r97	error	error	error	error	error	error	error	error	error	error	error	error	error	error	error	error	error	error	
13	error	error	error	s13	error	error	error	error	error	s3	s4	error	error	error	error	error	error	error	error	error	error	error	error	s8	error	error	s10	error	error	error	error	5	error	error	14	error	error	15	error	7	9	11	error	error	error	error	12	error	
14	error	error	s64	error	s76	error	error	error	error	error	error	error	error	error	error	error	error	error	error	error	error	error	error	error	error	error	error	error	error	s66	error	error	error	error	error	error	error	error	error	error	error	error	error	error	error	error	error	error	
15	s80	error	error	error	s81	error	s47	s49	error	error	error	error	s82	s83	error	s84	s85	s86	error	error	error	error	error	error	error	error	error	error	error	error	error	error	error	error	error	error	error	error	error	error	error	error	27	error	error	error	error	error	
16	error	error	error	s13	error	error	error	error	error	s3	s4	error	error	error	error	error	error	error	error	error	error	error	error	s8	error	error	s10	error	error	error	error	5	error	error	17	error	error	18	error	7	9	11	error	error	error	error	12	error	
17	error	error	s64	error	r77	error	error	error	error	error	error	error	error	error	error	error	error	error	error	error	error	error	error	error	error	error	error	error	error	s66	error	error	error	error	error	error	error	error	error	error	error	error	error	error	error	error	error	error	
18	s80	error	error	error	error	error	s47	s49	error	error	error	error	s82	s83	error	s84	s85	s86	error	error	error	error	error	error	error	error	error	error	error	error	error	error	error	error	error	error	error	error	error	error	error	error	27	error	error	error	error	error	
19	error	error	error	s13	error	error	error	error	error	s3	s4	error	error	error	error	error	error	error	error	error	error	error	error	s8	error	error	s10	error	error	error	error	5	error	error	20	error	error	18	error	7	9	11	error	error	error	error	12	error	
20	error	error	s64	error	r78	error	error	error	error	error	error	error	error	error	error	error	error	error	error	error	error	error	error	error	error	error	error	error	error	s66	error	error	error	error	error	error	error	error	error	error	error	error	error	error	error	error	error	error	
21	error	error	error	s13	error	error	error	error	error	s3	s4	error	error	error	error	error	error	error	error	error	error	error	error	s8	error	error	s10	error	error	error	error	5	error	error	22	error	error	18	error	7	9	11	error	error	error	error	12	error	
22	error	error	s64	error	s79	error	error	error	error	error	error	error	error	error	error	error	error	error	error	error	error	error	error	error	error	error	error	error	error	s66	error	error	error	error	error	error	error	error	error	error	error	error	error	error	error	error	error	error	
23	error	error	error	s13	error	error	error	error	error	s3	s4	error	error	error	error	error	error	error	error	error	error	error	error	s8	error	error	s10	error	error	error	error	5	error	error	24	error	error	18	error	7	9	11	error	error	error	error	12	error	
24	error	error	s64	error	s69	error	error	error	error	error	error	error	error	error	error	error	error	error	error	error	error	error	error	error	error	error	error	error	error	s66	error	error	error	error	error	error	error	error	error	error	error	error	error	error	error	error	error	error	
25	error	error	error	s13	error	error	error	error	error	s3	s4	error	error	error	error	error	error	error	error	error	error	error	error	s8	error	error	s10	error	error	error	error	5	error	error	26	error	error	18	error	7	9	11	error	error	error	error	12	error	
26	error	error	s64	error	s72	error	error	error	error	error	error	error	error	error	error	error	error	error	error	error	error	error	error	error	error	error	error	error	error	s66	error	error	error	error	error	error	error	error	error	error	error	error	error	error	error	error	error	error	
27	error	error	error	s2	error	error	error	error	error	s3	s4	error	error	error	error	error	error	error	error	error	error	error	error	s8	error	error	s10	error	error	error	error	5	error	error	error	error	error	28	error	7	9	11	error	error	error	error	12	error	
28	error	error	r87	error	r87	error	s47	s49	error	error	error	error	error	error	error	error	error	error	error	error	error	error	error	error	error	error	error	error	error	r87	error	error	error	error	error	error	error	error	error	error	error	error	error	error	error	error	error	error	
29	error	r30	error	error	error	error	error	error	error	error	error	error	error	error	error	error	error	error	error	error	s33	error	s34	s8	s36	s37	s10	s42	s43	error	r30	31	error	error	error	32	error	error	error	error	35	error	error	38	39	40	error	41	
31	error	error	error	error	error	error	error	error	error	error	error	error	error	error	s100	error	error	error	error	error	error	error	error	error	error	error	error	error	error	error	error	error	error	error	error	error	error	error	error	error	error	error	error	error	error	error	error	error	
32	error	r32	error	error	error	error	error	error	error	error	error	error	error	error	error	error	error	error	error	error	r32	error	r32	r32	r32	r32	r32	r32	r32	error	error	error	error	error	error	error	error	error	error	error	error	error	error	error	error	error	error	error	
33	error	r65	error	r65	error	error	error	error	error	r65	r65	error	error	error	error	error	error	error	error	error	r65	error	error	r65	r65	error	r65	r65	r65	error	r65	error	51	error	error	error	error	error	error	error	error	error	error	error	error	error	error	error	
34	error	error	error	error	error	error	error	error	error	error	error	error	error	error	error	error	error	error	error	error	error	error	error	r34	error	error	r34	error	error	error	error	error	error	error	error	error	error	error	error	error	error	error	error	error	error	error	error	error	
35	error	error	error	error	error	error	error	error	error	error	error	error	error	error	s45	error	error	error	s1	error	error	error	error	error	error	error	error	error	error	error	error	error	error	error	error	error	error	error	error	error	error	error	error	error	error	error	error	error	
36	error	error	error	s23	error	error	error	error	error	error	error	error	error	error	error	error	error	error	error	error	error	error	error	error	error	error	error	error	error	error	error	error	error	error	error	error	error	error	error	error	error	error	error	error	error	error	error	error	
37	error	error	error	error	error	error	error	error	error	error	error	error	error	error	error	error	error	error	error	error	error	error	error	r37	error	error	r37	error	error	error	error	error	error	error	error	error	error	error	error	error	error	error	error	error	error	error	error	error	
38	error	r65	error	r65	error	error	error	error	error	r65	r65	error	error	error	error	error	error	error	error	error	r65	error	error	r65	r65	error	r65	r65	r65	error	r65	error	60	error	error	error	error	error	error	error	error	error	error	error	error	error	error	error	
39	error	acc39	error	error	error	error	error	error	error	error	error	error	error	error	error	error	error	error	error	error	error	error	error	error	error	error	error	error	error	error	error	error	error	error	error	error	error	error	error	error	error	error	error	error	error	error	error	error	
40	error	r40	error	error	error	error	error	error	error	error	error	error	error	error	error	error	error	error	error	error	error	error	error	error	error	error	error	error	error	error	r40	error	error	error	error	error	error	error	error	error	error	error	error	error	error	error	error	error	
41	error	error	error	error	error	error	error	error	error	error	error	error	error	error	error	error	error	error	error	error	error	error	error	s8	error	error	s10	error	error	error	error	error	error	error	error	error	error	error	error	error	88	error	error	error	error	error	error	error	
42	error	r65	error	r65	error	error	error	error	error	r65	r65	error	error	error	error	error	error	error	error	error	r65	error	error	r65	r65	error	r65	r65	r65	error	r65	error	71	error	error	error	error	error	error	error	error	error	error	error	error	error	error	error	
43	error	r30	error	error	error	error	error	error	error	error	error	error	error	error	error	error	error	error	error	error	s33	error	error	s8	s36	error	s10	s42	s43	error	r30	31	error	error	error	error	error	error	error	error	35	error	error	38	59	40	error	error	
44	error	error	error	error	s81	error	s47	s49	error	error	error	error	error	error	error	error	error	error	error	error	error	error	error	error	error	error	error	error	error	error	error	error	error	error	error	error	error	error	error	error	error	error	error	error	error	error	error	error	
45	error	error	error	s2	error	error	error	error	error	s3	s4	error	error	error	error	error	error	error	error	error	error	error	error	s8	error	error	s10	error	error	error	error	5	error	error	error	error	error	46	error	7	9	11	error	error	error	error	12	error	
46	error	error	error	error	error	error	s47	s49	error	error	error	s92	error	error	error	error	error	error	error	error	error	error	error	error	error	error	error	error	error	error	error	error	error	error	error	error	error	error	error	error	error	error	error	error	error	error	error	error	
47	error	error	error	s2	error	error	error	error	error	s3	s4	error	error	error	error	error	error	error	error	error	error	error	error	s8	error	error	s10	error	error	error	error	5	error	error	error	error	error	error	error	7	9	11	error	error	error	error	48	error	
48	r93	error	r93	error	r93	s94	r93	r93	s95	error	error	r93	r93	r93	error	r93	r93	r93	error	r93	error	error	error	error	error	error	error	error	error	r93	error	error	error	error	error	error	error	error	error	error	error	error	error	error	error	error	error	error	
49	error	error	error	s2	error	error	error	error	error	s3	s4	error	error	error	error	error	error	error	error	error	error	error	error	s8	error	error	s10	error	error	error	error	5	error	error	error	error	error	error	error	7	9	11	error	error	error	error	50	error	
50	r96	error	r96	error	r96	s94	r96	r96	s95	error	error	r96	r96	r96	error	r96	r96	r96	error	r96	error	error	error	error	error	error	error	error	error	r96	error	error	error	error	error	error	error	error	error	error	error	error	error	error	error	error	error	error	
51	error	error	error	error	error	error	error	error	error	error	error	error	error	error	error	error	error	error	error	error	s33	error	error	s8	s36	error	s10	s42	s43	error	error	31	error	error	error	error	error	error	error	error	35	error	error	52	error	error	error	error	
52	error	error	error	error	error	error	error	error	error	error	error	error	error	error	error	error	error	error	error	error	error	error	error	error	error	error	error	s67	error	error	error	error	error	error	error	error	error	error	error	error	error	error	error	error	error	error	error	error	
53	error	error	error	error	error	error	error	error	error	error	error	error	error	error	error	error	error	error	error	error	s33	error	error	s8	s36	error	s10	s42	s43	error	error	31	error	error	error	error	error	error	error	error	35	error	error	54	error	error	error	error	
54	error	r73	error	error	error	error	error	error	error	error	error	error	error	error	error	error	error	error	error	error	r73	r75	error	r73	r73	error	r73	r73	r73	error	r73	error	error	74	error	error	error	error	error	error	error	error	error	error	error	error	error	error	
55	error	error	error	error	error	error	error	error	error	error	error	error	error	error	error	error	error	error	error	error	s33	error	error	s8	s36	error	s10	s42	s43	error	error	31	error	error	error	error	error	error	error	error	35	error	error	56	error	error	error	error	
56	error	r56	error	error	error	error	error	error	error	error	error	error	error	error	error	error	error	error	error	error	r56	r56	error	r56	r56	error	r56	r56	r56	error	r56	error	error	error	error	error	error	error	error	error	error	error	error	error	error	error	error	error	
57	error	error	error	error	error	error	error	error	error	error	error	error	error	error	error	error	error	error	error	error	s33	error	error	s8	s36	error	s10	s42	s43	error	error	31	error	error	error	error	error	error	error	error	35	error	error	58	error	error	error	error	
58	error	r58	error	error	error	error	error	error	error	error	error	error	error	error	error	error	error	error	error	error	r58	r58	error	r58	r58	error	r58	r58	r58	error	r58	error	error	error	error	error	error	error	error	error	error	error	error	error	error	error	error	error	
59	error	error	error	error	error	error	error	error	error	error	error	error	error	error	error	error	error	error	error	error	error	error	error	error	error	error	error	error	error	error	s103	error	error	error	error	error	error	error	error	error	error	error	error	error	error	error	error	error	
60	error	r30	error	error	error	error	error	error	error	error	error	error	error	error	error	error	error	error	error	error	s33	error	error	s8	s36	error	s10	s42	s43	error	r30	31	error	error	error	error	error	error	error	error	35	error	error	38	61	40	error	error	
61	error	r61	error	error	error	error	error	error	error	error	error	error	error	error	error	error	error	error	error	error	error	error	error	error	error	error	error	error	error	error	r61	error	error	error	error	error	error	error	error	error	error	error	error	error	error	error	error	error	
62	r62	error	r62	error	r62	r62	r62	r62	r62	error	error	r62	r62	r62	error	r62	r62	r62	error	r62	error	error	error	error	error	error	error	error	error	r62	error	error	error	error	error	error	error	error	error	error	error	error	error	error	error	error	error	error	
63	r63	error	r63	error	r63	r63	r63	r63	r63	error	error	r63	r63	r63	r63	r63	r63	r63	error	r63	error	error	error	error	error	error	error	error	error	r63	error	error	error	error	error	error	error	error	error	error	error	error	error	error	error	error	error	error	
64	error	r65	error	r65	error	error	error	error	error	r65	r65	error	error	error	error	error	error	error	error	error	r65	error	error	r65	r65	error	r65	r65	r65	error	r65	error	16	error	error	error	error	error	error	error	error	error	error	error	error	error	error	error	
66	error	r65	error	r65	error	error	error	error	error	r65	r65	error	error	error	error	error	error	error	error	error	r65	error	error	r65	r65	error	r65	r65	r65	error	r65	error	19	error	error	error	error	error	error	error	error	error	error	error	error	error	error	error	
67	error	r65	error	r65	error	error	error	error	error	r65	r65	error	error	error	error	error	error	error	error	error	r65	error	error	r65	r65	error	r65	r65	r65	error	r65	error	68	error	error	error	error	error	error	error	error	error	error	error	error	error	error	error	
68	error	error	error	s21	error	error	error	error	error	error	error	error	error	error	error	error	error	error	error	error	error	error	error	error	error	error	error	error	error	error	error	error	error	error	error	error	error	error	error	error	error	error	error	error	error	error	error	error	
69	error	r65	error	r65	error	error	error	error	error	r65	r65	error	error	error	error	error	error	error	error	error	r65	error	error	r65	r65	error	r65	r65	r65	error	r65	error	53	error	error	error	error	error	error	error	error	error	error	error	error	error	error	error	
70	error	r65	error	r65	error	error	error	error	error	r65	r65	error	error	error	error	error	error	error	error	error	r65	error	error	r65	r65	error	r65	r65	r65	error	r65	error	55	error	error	error	error	error	error	error	error	error	error	error	error	error	error	error	
71	error	error	error	s25	error	error	error	error	error	error	error	error	error	error	error	error	error	error	error	error	error	error	error	error	error	error	error	error	error	error	error	error	error	error	error	error	error	error	error	error	error	error	error	error	error	error	error	error	
72	error	r65	error	r65	error	error	error	error	error	r65	r65	error	error	error	error	error	error	error	error	error	r65	error	error	r65	r65	error	r65	r65	r65	error	r65	error	57	error	error	error	error	error	error	error	error	error	error	error	error	error	error	error	
74	error	error	error	error	error	error	error	error	error	error	error	error	error	error	error	error	error	error	error	error	error	s70	error	error	error	error	error	error	error	error	error	error	error	error	error	error	error	error	error	error	error	error	error	error	error	error	error	error	
76	error	error	r76	error	r76	error	error	error	error	error	error	error	error	error	error	error	error	error	error	error	error	error	error	error	error	error	error	error	error	r76	error	error	error	error	error	error	error	error	error	error	error	error	error	error	error	error	error	error	
79	error	error	error	error	error	error	error	error	error	error	error	s102	error	error	error	error	error	error	error	error	error	error	error	error	error	error	error	error	error	error	error	error	error	error	error	error	error	error	error	error	error	error	error	error	error	error	error	error	
80	error	error	error	r80	error	error	error	error	error	r80	r80	error	error	error	error	error	error	error	error	error	error	error	error	r80	error	error	r80	error	error	error	error	error	error	error	error	error	error	error	error	error	error	error	error	error	error	error	error	error	
81	r81	error	r81	error	r81	r81	r81	r81	r81	error	error	r81	r81	r81	error	r81	r81	r81	error	r81	error	error	error	error	error	error	error	error	error	r81	error	error	error	error	error	error	error	error	error	error	error	error	error	error	error	error	error	error	
82	error	error	error	r82	error	error	error	error	error	r82	r82	error	error	error	error	error	error	error	error	error	error	error	error	r82	error	error	r82	error	error	error	error	error	error	error	error	error	error	error	error	error	error	error	error	error	error	error	error	error	
83	error	error	error	r83	error	error	error	error	error	r83	r83	error	error	error	error	error	error	error	error	error	error	error	error	r83	error	error	r83	error	error	error	error	error	error	error	error	error	error	error	error	error	error	error	error	error	error	error	error	error	
84	error	error	error	r84	error	error	error	error	error	r84	r84	error	error	error	error	error	error	error	error	error	error	error	error	r84	error	error	r84	error	error	error	error	error	error	error	error	error	error	error	error	error	error	error	error	error	error	error	error	error	
85	error	error	error	r85	error	error	error	error	error	r85	r85	error	error	error	error	error	error	error	error	error	error	error	error	r85	error	error	r85	error	error	error	error	error	error	error	error	error	error	error	error	error	error	error	error	error	error	error	error	error	
86	error	error	error	r86	error	error	error	error	error	r86	r86	error	error	error	error	error	error	error	error	error	error	error	error	r86	error	error	r86	error	error	error	error	error	error	error	error	error	error	error	error	error	error	error	error	error	error	error	error	error	
88	error	error	error	error	error	error	error	error	error	error	error	s89	error	error	error	error	error	error	error	error	error	error	error	error	error	error	error	error	error	error	error	error	error	error	error	error	error	error	error	error	error	error	error	error	error	error	error	error	
89	error	r89	error	error	error	error	error	error	error	error	error	error	error	error	error	error	error	error	error	error	r89	error	r89	r89	r89	r89	r89	r89	r89	error	error	error	error	error	error	error	error	error	error	error	error	error	error	error	error	error	error	error	
90	error	r91	error	error	error	error	error	error	error	error	error	error	error	error	error	error	error	error	error	error	r91	error	r91	r91	r91	r91	r91	r91	r91	error	error	error	error	error	error	error	29	error	error	error	error	error	error	error	error	error	error	error	
92	error	r92	error	error	error	error	error	error	error	error	error	error	error	error	error	error	error	error	error	error	r92	r92	error	r92	r92	error	r92	r92	r92	error	r92	error	error	error	error	error	error	error	error	error	error	error	error	error	error	error	error	error	
94	error	error	error	s2	error	error	error	error	error	s3	s4	error	error	error	error	error	error	error	error	error	error	error	error	s8	error	error	s10	error	error	error	error	error	error	error	error	error	error	error	error	98	62	11	error	error	error	error	error	error	
95	error	error	error	s2	error	error	error	error	error	s3	s4	error	error	error	error	error	error	error	error	error	error	error	error	s8	error	error	s10	error	error	error	error	error	error	error	error	error	error	error	error	99	62	11	error	error	error	error	error	error	
98	r98	error	r98	error	r98	r98	r98	r98	r98	error	error	r98	r98	r98	error	r98	r98	r98	error	r98	error	error	error	error	error	error	error	error	error	r98	error	error	error	error	error	error	error	error	error	error	error	error	error	error	error	error	error	error	
99	r99	error	r99	error	r99	r99	r99	r99	r99	error	error	r99	r99	r99	error	r99	r99	r99	error	r99	error	error	error	error	error	error	error	error	error	r99	error	error	error	error	error	error	error	error	error	error	error	error	error	error	error	error	error	error	
100	error	error	error	error	error	error	error	error	error	error	error	error	error	error	error	error	error	error	error	error	error	error	error	error	error	error	error	error	error	error	error	error	error	error	error	error	error	error	101	error	error	error	error	error	error	error	error	error	
101	error	r101	error	error	error	error	error	error	error	error	error	error	error	error	error	error	error	error	error	error	r101	r101	error	r101	r101	error	r101	r101	r101	error	r101	error	error	error	error	error	error	error	error	error	error	error	error	error	error	error	error	error	
102	error	r102	error	error	error	error	error	error	error	error	error	error	error	error	error	error	error	error	error	error	r102	r102	error	r102	r102	error	r102	r102	r102	error	r102	error	error	error	error	error	error	error	error	error	error	error	error	error	error	error	error	error	
103	error	r103	error	error	error	error	error	error	error	error	error	error	error	error	error	error	error	error	error	error	r103	r103	error	r103	r103	error	r103	r103	r103	error	r103	error	error	error	error	error	error	error	error	error	error	error	error	error	error	error	error	error	
